<?xml version="1.0" encoding="UTF-8"?>
<!-- Generated by org.testng.reporters.JUnitReportReporter -->
<testsuite hostname="SHIHAB" failures="0" tests="1" name="com.inetbanking.testcases.TC001_login" time="6.649" errors="0" timestamp="2022-03-26T15:11:53 BDT" skipped="0">
  <testcase classname="com.inetbanking.testcases.TC001_login" name="loginTest" time="6.649"/>
  <system-out/>
</testsuite> <!-- com.inetbanking.testcases.TC001_login -->
