<?xml version="1.0" encoding="UTF-8"?>
<!-- Generated by org.testng.reporters.JUnitReportReporter -->
<testsuite hostname="SHIHAB" failures="0" tests="1" name="com.inetbanking.testcases.TC001_login" time="6.249" errors="0" timestamp="2022-03-25T21:41:09 BDT" skipped="0">
  <testcase classname="com.inetbanking.testcases.TC001_login" name="loginTest" time="6.249"/>
  <system-out/>
</testsuite> <!-- com.inetbanking.testcases.TC001_login -->
